Build started 2014/9/18 19:39:47.
     1>Project "E:\Microsoft\Projects\SearchTree\SearchTree\SearchTree.vcxproj" on node 2 (build target(s)).
     1>InitializeBuildStatus:
         Creating "Debug\SearchTree.unsuccessfulbuild" because "AlwaysCreate" was specified.
       ClCompile:
         E:\Microsoft\Microsoft Visual Studio 10.0\VC\bin\CL.exe /c /IE:\Microsoft\High_Resolution_Timer\include /I"E:\Microsoft\Visual Leak Detector\include" /ZI /nologo /W3 /WX- /Od /Oy- /D WIN32 /D _DEBUG /D _CONSOLE /D _UNICODE /D UNICODE /Gm /EHsc /RTC1 /MDd /GS /fp:precise /Zc:wchar_t /Zc:forScope /Fo"Debug\\" /Fd"Debug\vc100.pdb" /Gd /TC /analyze- /errorReport:prompt test_search_tree.c
         test_search_tree.c
       ManifestResourceCompile:
         All outputs are up-to-date.
       Link:
         E:\Microsoft\Microsoft Visual Studio 10.0\VC\bin\link.exe /ERRORREPORT:PROMPT /OUT:"E:\Microsoft\Projects\SearchTree\Debug\SearchTree.exe" /INCREMENTAL /NOLOGO /LIBPATH:E:\Microsoft\High_Resolution_Timer\lib /LIBPATH:"E:\Microsoft\Visual Leak Detector\lib\Win32" kernel32.lib user32.lib gdi32.lib winspool.lib comdlg32.lib advapi32.lib shell32.lib ole32.lib oleaut32.lib uuid.lib odbc32.lib odbccp32.lib /MANIFEST /ManifestFile:"Debug\SearchTree.exe.intermediate.manifest" /MANIFESTUAC:"level='asInvoker' uiAccess='false'" /DEBUG /PDB:"E:\Microsoft\Projects\SearchTree\Debug\SearchTree.pdb" /SUBSYSTEM:CONSOLE /TLBID:1 /DYNAMICBASE /NXCOMPAT /IMPLIB:"E:\Microsoft\Projects\SearchTree\Debug\SearchTree.lib" /MACHINE:X86 Debug\SearchTree.exe.embed.manifest.res
         Debug\search_tree.obj
         Debug\test_search_tree.obj
       Manifest:
         C:\Program Files (x86)\Microsoft SDKs\Windows\v7.0A\bin\mt.exe /nologo /verbose /out:"Debug\SearchTree.exe.embed.manifest" /manifest Debug\SearchTree.exe.intermediate.manifest
         All outputs are up-to-date.
       LinkEmbedManifest:
         All outputs are up-to-date.
         SearchTree.vcxproj -> E:\Microsoft\Projects\SearchTree\Debug\SearchTree.exe
       FinalizeBuildStatus:
         Deleting file "Debug\SearchTree.unsuccessfulbuild".
         Touching "Debug\SearchTree.lastbuildstate".
     1>Done Building Project "E:\Microsoft\Projects\SearchTree\SearchTree\SearchTree.vcxproj" (build target(s)).

Build succeeded.

Time Elapsed 00:00:02.71
